<?xml version="1.0" encoding="UTF-8"?>
<testng-results ignored="0" total="3" passed="3" failed="0" skipped="0">
  <reporter-output>
  </reporter-output>
  <suite started-at="2026-01-11T16:26:32 IST" name="Default suite" finished-at="2026-01-11T16:29:26 IST" duration-ms="173964">
    <groups>
      <group name="cucumber">
        <method signature="AbstractTestNGCucumberTests.runScenario(io.cucumber.testng.PickleWrapper,io.cucumber.testng.FeatureWrapper)[pri:0, instance:com.automation.framework.runner.TestRunner@156b88f5]" name="runScenario" class="io.cucumber.testng.AbstractTestNGCucumberTests"/>
      </group> <!-- cucumber -->
    </groups>
    <test started-at="2026-01-11T16:26:32 IST" name="Default test" finished-at="2026-01-11T16:29:26 IST" duration-ms="173964">
      <class name="com.automation.framework.runner.TestRunner">
        <test-method is-config="true" signature="setUpClass(org.testng.ITestContext)[pri:0, instance:com.automation.framework.runner.TestRunner@156b88f5]" started-at="2026-01-11T16:26:32 IST" name="setUpClass" finished-at="2026-01-11T16:26:33 IST" duration-ms="664" status="PASS">
          <params>
            <param index="0">
              <value>
                <![CDATA[org.testng.TestRunner@7f1fec57]]>
              </value>
            </param>
          </params>
          <reporter-output>
          </reporter-output>
        </test-method> <!-- setUpClass -->
        <test-method signature="runScenario(io.cucumber.testng.PickleWrapper,io.cucumber.testng.FeatureWrapper)[pri:0, instance:com.automation.framework.runner.TestRunner@156b88f5]" started-at="2026-01-11T16:26:33 IST" name="runScenario" description="Runs Cucumber Scenarios" data-provider="scenarios" finished-at="2026-01-11T16:27:10 IST" duration-ms="37599" status="PASS">
          <params>
            <param index="0">
              <value>
                <![CDATA["Add employee with data"]]>
              </value>
            </param>
            <param index="1">
              <value>
                <![CDATA["Add Employee"]]>
              </value>
            </param>
          </params>
          <reporter-output>
          </reporter-output>
        </test-method> <!-- runScenario -->
        <test-method signature="runScenario(io.cucumber.testng.PickleWrapper,io.cucumber.testng.FeatureWrapper)[pri:0, instance:com.automation.framework.runner.TestRunner@156b88f5]" started-at="2026-01-11T16:27:10 IST" name="runScenario" description="Runs Cucumber Scenarios" data-provider="scenarios" finished-at="2026-01-11T16:27:53 IST" duration-ms="42668" status="PASS">
          <params>
            <param index="0">
              <value>
                <![CDATA["Add employee with data"]]>
              </value>
            </param>
            <param index="1">
              <value>
                <![CDATA["Add Employee"]]>
              </value>
            </param>
          </params>
          <reporter-output>
          </reporter-output>
        </test-method> <!-- runScenario -->
        <test-method signature="runScenario(io.cucumber.testng.PickleWrapper,io.cucumber.testng.FeatureWrapper)[pri:0, instance:com.automation.framework.runner.TestRunner@156b88f5]" started-at="2026-01-11T16:27:53 IST" name="runScenario" description="Runs Cucumber Scenarios" data-provider="scenarios" finished-at="2026-01-11T16:29:26 IST" duration-ms="92937" status="PASS">
          <params>
            <param index="0">
              <value>
                <![CDATA["Add multiple employees from excel"]]>
              </value>
            </param>
            <param index="1">
              <value>
                <![CDATA["Add employees from Excel"]]>
              </value>
            </param>
          </params>
          <reporter-output>
          </reporter-output>
        </test-method> <!-- runScenario -->
        <test-method is-config="true" signature="tearDownClass()[pri:0, instance:com.automation.framework.runner.TestRunner@156b88f5]" started-at="2026-01-11T16:29:26 IST" name="tearDownClass" finished-at="2026-01-11T16:29:26 IST" duration-ms="47" status="PASS">
          <reporter-output>
          </reporter-output>
        </test-method> <!-- tearDownClass -->
      </class> <!-- com.automation.framework.runner.TestRunner -->
    </test> <!-- Default test -->
  </suite> <!-- Default suite -->
</testng-results>
