<?xml version="1.0" encoding="UTF-8"?>
<testng-results ignored="0" total="4" passed="4" failed="0" skipped="0">
  <reporter-output>
  </reporter-output>
  <suite started-at="2025-09-14T20:35:17 IST" name="Default suite" finished-at="2025-09-14T20:37:44 IST" duration-ms="146445">
    <groups>
      <group name="cucumber">
        <method signature="AbstractTestNGCucumberTests.runScenario(io.cucumber.testng.PickleWrapper,io.cucumber.testng.FeatureWrapper)[pri:0, instance:com.automation.framework.runner.TestRunner@bd4dc25]" name="runScenario" class="io.cucumber.testng.AbstractTestNGCucumberTests"/>
      </group> <!-- cucumber -->
    </groups>
    <test started-at="2025-09-14T20:35:17 IST" name="Default test" finished-at="2025-09-14T20:37:44 IST" duration-ms="146445">
      <class name="com.automation.framework.runner.TestRunner">
        <test-method is-config="true" signature="setUpClass(org.testng.ITestContext)[pri:0, instance:com.automation.framework.runner.TestRunner@bd4dc25]" started-at="2025-09-14T20:35:17 IST" name="setUpClass" finished-at="2025-09-14T20:35:18 IST" duration-ms="1042" status="PASS">
          <params>
            <param index="0">
              <value>
                <![CDATA[org.testng.TestRunner@4ae2c01b]]>
              </value>
            </param>
          </params>
          <reporter-output>
          </reporter-output>
        </test-method> <!-- setUpClass -->
        <test-method signature="runScenario(io.cucumber.testng.PickleWrapper,io.cucumber.testng.FeatureWrapper)[pri:0, instance:com.automation.framework.runner.TestRunner@bd4dc25]" started-at="2025-09-14T20:35:18 IST" name="runScenario" description="Runs Cucumber Scenarios" data-provider="scenarios" finished-at="2025-09-14T20:36:08 IST" duration-ms="49242" status="PASS">
          <params>
            <param index="0">
              <value>
                <![CDATA["Add employee with data"]]>
              </value>
            </param>
            <param index="1">
              <value>
                <![CDATA["Add Employee"]]>
              </value>
            </param>
          </params>
          <reporter-output>
          </reporter-output>
        </test-method> <!-- runScenario -->
        <test-method signature="runScenario(io.cucumber.testng.PickleWrapper,io.cucumber.testng.FeatureWrapper)[pri:0, instance:com.automation.framework.runner.TestRunner@bd4dc25]" started-at="2025-09-14T20:36:08 IST" name="runScenario" description="Runs Cucumber Scenarios" data-provider="scenarios" finished-at="2025-09-14T20:36:32 IST" duration-ms="24304" status="PASS">
          <params>
            <param index="0">
              <value>
                <![CDATA["Add employee with data"]]>
              </value>
            </param>
            <param index="1">
              <value>
                <![CDATA["Add Employee"]]>
              </value>
            </param>
          </params>
          <reporter-output>
          </reporter-output>
        </test-method> <!-- runScenario -->
        <test-method signature="runScenario(io.cucumber.testng.PickleWrapper,io.cucumber.testng.FeatureWrapper)[pri:0, instance:com.automation.framework.runner.TestRunner@bd4dc25]" started-at="2025-09-14T20:36:32 IST" name="runScenario" description="Runs Cucumber Scenarios" data-provider="scenarios" finished-at="2025-09-14T20:37:32 IST" duration-ms="60086" status="PASS">
          <params>
            <param index="0">
              <value>
                <![CDATA["Add multiple employees from excel"]]>
              </value>
            </param>
            <param index="1">
              <value>
                <![CDATA["Add employees from Excel"]]>
              </value>
            </param>
          </params>
          <reporter-output>
          </reporter-output>
        </test-method> <!-- runScenario -->
        <test-method signature="runScenario(io.cucumber.testng.PickleWrapper,io.cucumber.testng.FeatureWrapper)[pri:0, instance:com.automation.framework.runner.TestRunner@bd4dc25]" started-at="2025-09-14T20:37:32 IST" name="runScenario" description="Runs Cucumber Scenarios" data-provider="scenarios" finished-at="2025-09-14T20:37:44 IST" duration-ms="11531" status="PASS">
          <params>
            <param index="0">
              <value>
                <![CDATA["Login scenarios"]]>
              </value>
            </param>
            <param index="1">
              <value>
                <![CDATA["OrangeHRM Login"]]>
              </value>
            </param>
          </params>
          <reporter-output>
          </reporter-output>
        </test-method> <!-- runScenario -->
        <test-method is-config="true" signature="tearDownClass()[pri:0, instance:com.automation.framework.runner.TestRunner@bd4dc25]" started-at="2025-09-14T20:37:44 IST" name="tearDownClass" finished-at="2025-09-14T20:37:44 IST" duration-ms="147" status="PASS">
          <reporter-output>
          </reporter-output>
        </test-method> <!-- tearDownClass -->
      </class> <!-- com.automation.framework.runner.TestRunner -->
    </test> <!-- Default test -->
  </suite> <!-- Default suite -->
</testng-results>
