<?xml version="1.0" encoding="UTF-8"?>
<!-- Generated by org.testng.reporters.JUnitReportReporter -->
<testsuite hostname="LAPTOP-QK4QKG3V" failures="0" tests="3" name="com.automation.framework.runner.TestRunner" time="154.900" errors="0" timestamp="2026-01-11T16:51:22 IST" skipped="0">
  <testcase classname="com.automation.framework.runner.TestRunner" name="runScenario" time="59.531"/>
  <testcase classname="com.automation.framework.runner.TestRunner" name="runScenario" time="30.912"/>
  <testcase classname="com.automation.framework.runner.TestRunner" name="runScenario" time="64.457"/>
</testsuite> <!-- com.automation.framework.runner.TestRunner -->
